06.10.2020 15:44:46.629 [main] INFO  com.abergaz.Start - Start FileTransfer
06.10.2020 15:44:46.629 [main] INFO  com.abergaz.Start - Init settings start
06.10.2020 15:44:46.629 [main] INFO  com.abergaz.Settings - Настроечный файл:
06.10.2020 15:44:46.629 [main] INFO  com.abergaz.Settings - C:\JavaWork\FileTransfer\target\settings.properties
06.10.2020 15:44:46.629 [main] INFO  com.abergaz.Settings - sbrf_in = C:\Finline\VEB1\sbrf_in
06.10.2020 15:44:46.629 [main] INFO  com.abergaz.Settings - sbrf_in.arch = C:\Finline\VEB1\sbrf_in.arch
06.10.2020 15:44:46.629 [main] INFO  com.abergaz.Settings - sbrf_out = C:\Finline\VEB1\sbrf_out
06.10.2020 15:44:46.629 [main] INFO  com.abergaz.Settings - sbrf_out.arch = C:\Finline\VEB1\sbrf_out.arch
06.10.2020 15:44:46.629 [main] INFO  com.abergaz.Settings - ABS.SBRF.CM.SWIFT.F = C:\Finline\ABS\ABS.SBRF.CM.SWIFT.F
06.10.2020 15:44:46.629 [main] INFO  com.abergaz.Settings - SBRF.ABS.CM.SWFIT.F = C:\Finline\ABS\SBRF.ABS.CM.SWFIT.F
06.10.2020 15:44:46.629 [main] INFO  com.abergaz.Start - Init settings end
06.10.2020 15:44:46.644 [main] ERROR com.abergaz.Start - java.lang.NullPointerException
	at java.io.File.<init>(File.java:277)
	at com.abergaz.Transfer.SbrfToAbsAck(Transfer.java:60)
	at com.abergaz.Transfer.process(Transfer.java:27)
	at com.abergaz.Start.start(Start.java:21)
	at com.abergaz.Main.main(Main.java:13)

06.10.2020 15:44:46.644 [main] INFO  com.abergaz.Start - End FileTransfer
06.10.2020 15:45:40.448 [main] INFO  com.abergaz.Start - Start FileTransfer
06.10.2020 15:45:40.464 [main] INFO  com.abergaz.Start - Init settings start
06.10.2020 15:45:40.465 [main] INFO  com.abergaz.Settings - Настроечный файл:
06.10.2020 15:45:40.468 [main] INFO  com.abergaz.Settings - C:\JavaWork\FileTransfer\target\settings.properties
06.10.2020 15:45:40.469 [main] INFO  com.abergaz.Settings - sbrf_in = C:\Finline\VEB1\sbrf_in
06.10.2020 15:45:40.469 [main] INFO  com.abergaz.Settings - sbrf_in.arch = C:\Finline\VEB1\sbrf_in.arch
06.10.2020 15:45:40.469 [main] INFO  com.abergaz.Settings - sbrf_out = C:\Finline\VEB1\sbrf_out
06.10.2020 15:45:40.469 [main] INFO  com.abergaz.Settings - sbrf_out.arch = C:\Finline\VEB1\sbrf_out.arch
06.10.2020 15:45:40.469 [main] INFO  com.abergaz.Settings - ABS.SBRF.CM.SWIFT.F = C:\Finline\ABS\ABS.SBRF.CM.SWIFT.F
06.10.2020 15:45:40.469 [main] INFO  com.abergaz.Settings - SBRF.ABS.CM.SWFIT.F = C:\Finline\ABS\SBRF.ABS.CM.SWFIT.F
06.10.2020 15:45:40.470 [main] INFO  com.abergaz.Settings - SBRF.ABS.CM.SWFIT.ACK.F = C:\Finline\ABS\SBRF.ABS.CM.SWFIT.ACK.F
06.10.2020 15:45:40.470 [main] INFO  com.abergaz.Start - Init settings end
